# JRE version: Java(TM) SE Runtime Environment (18.0.2.1+1) (build 18.0.2.1+1-1)
# Java VM: Java HotSpot(TM) 64-Bit Server VM (18.0.2.1+1-1, mixed mode, sharing, tiered, compressed oops, compressed class ptrs, g1 gc, windows-amd64)
GC Precious Log:
 CardTable entry size: 512
 Card Set container configuration: InlinePtr #cards 5 size 8 Array Of Cards #cards 12 size 40 Howl #buckets 4 coarsen threshold 1843 Howl Bitmap #cards 512 size 80 coarsen threshold 460 Card regions per heap region 1 cards per card region 2048
 CPUs: 4 total, 4 available
 Memory: 8088M
 Large Page Support: Disabled
 NUMA Support: Disabled
 Compressed Oops: Enabled (32-bit)
 Heap Region Size: 1M
 Heap Min Capacity: 8M
 Heap Initial Capacity: 128M
 Heap Max Capacity: 2G
 Pre-touch: Disabled
 Parallel Workers: 4
 Concurrent Workers: 1
 Concurrent Refinement Workers: 4
 Periodic GC: Disabled
Heap:
 garbage-first heap   total 218112K, used 217601K [0x0000000080000000, 0x0000000100000000)
  region size 1024K, 15 young (15360K), 0 survivors (0K)
 Metaspace       used 115620K, committed 117760K, reserved 1179648K
  class space    used 15757K, committed 16832K, reserved 1048576K
GC Heap History (20 events):
Event: 744.739 GC heap before
{Heap before GC invocations=79 (full 0):
 garbage-first heap   total 176128K, used 154836K [0x0000000080000000, 0x0000000100000000)
  region size 1024K, 8 young (8192K), 1 survivors (1024K)
 Metaspace       used 107234K, committed 109312K, reserved 1179648K
  class space    used 14612K, committed 15680K, reserved 1048576K
}
Event: 744.742 GC heap after
{Heap after GC invocations=80 (full 0):
 garbage-first heap   total 176128K, used 147648K [0x0000000080000000, 0x0000000100000000)
  region size 1024K, 1 young (1024K), 1 survivors (1024K)
 Metaspace       used 107234K, committed 109312K, reserved 1179648K
  class space    used 14612K, committed 15680K, reserved 1048576K
}
Event: 744.806 GC heap before
{Heap before GC invocations=80 (full 0):
 garbage-first heap   total 176128K, used 154816K [0x0000000080000000, 0x0000000100000000)
  region size 1024K, 8 young (8192K), 1 survivors (1024K)
 Metaspace       used 107417K, committed 109440K, reserved 1179648K
  class space    used 14638K, committed 15680K, reserved 1048576K
}
Event: 744.810 GC heap after
{Heap after GC invocations=81 (full 0):
 garbage-first heap   total 218112K, used 148208K [0x0000000080000000, 0x0000000100000000)
  region size 1024K, 1 young (1024K), 1 survivors (1024K)
 Metaspace       used 107417K, committed 109440K, reserved 1179648K
  class space    used 14638K, committed 15680K, reserved 1048576K
}
Event: 745.659 GC heap before
{Heap before GC invocations=81 (full 0):
 garbage-first heap   total 218112K, used 186096K [0x0000000080000000, 0x0000000100000000)
  region size 1024K, 39 young (39936K), 1 survivors (1024K)
 Metaspace       used 110120K, committed 112128K, reserved 1179648K
  class space    used 15020K, committed 16064K, reserved 1048576K
}
Event: 745.668 GC heap after
{Heap after GC invocations=82 (full 0):
 garbage-first heap   total 218112K, used 152177K [0x0000000080000000, 0x0000000100000000)
  region size 1024K, 5 young (5120K), 5 survivors (5120K)
 Metaspace       used 110120K, committed 112128K, reserved 1179648K
  class space    used 15020K, committed 16064K, reserved 1048576K
}
Event: 747.261 GC heap before
{Heap before GC invocations=82 (full 0):
 garbage-first heap   total 218112K, used 185969K [0x0000000080000000, 0x0000000100000000)
  region size 1024K, 38 young (38912K), 5 survivors (5120K)
 Metaspace       used 111465K, committed 113472K, reserved 1179648K
  class space    used 15134K, committed 16192K, reserved 1048576K
}
Event: 747.267 GC heap after
{Heap after GC invocations=83 (full 0):
 garbage-first heap   total 218112K, used 151051K [0x0000000080000000, 0x0000000100000000)
  region size 1024K, 3 young (3072K), 3 survivors (3072K)
 Metaspace       used 111465K, committed 113472K, reserved 1179648K
  class space    used 15134K, committed 16192K, reserved 1048576K
}
Event: 748.883 GC heap before
{Heap before GC invocations=83 (full 0):
 garbage-first heap   total 218112K, used 185867K [0x0000000080000000, 0x0000000100000000)
  region size 1024K, 37 young (37888K), 3 survivors (3072K)
 Metaspace       used 113031K, committed 115072K, reserved 1179648K
  class space    used 15372K, committed 16448K, reserved 1048576K
}
Event: 748.886 GC heap after
{Heap after GC invocations=84 (full 0):
 garbage-first heap   total 218112K, used 149300K [0x0000000080000000, 0x0000000100000000)
  region size 1024K, 2 young (2048K), 2 survivors (2048K)
 Metaspace       used 113031K, committed 115072K, reserved 1179648K
  class space    used 15372K, committed 16448K, reserved 1048576K
}
Event: 749.588 GC heap before
{Heap before GC invocations=84 (full 0):
 garbage-first heap   total 218112K, used 162612K [0x0000000080000000, 0x0000000100000000)
  region size 1024K, 8 young (8192K), 2 survivors (2048K)
 Metaspace       used 113429K, committed 115520K, reserved 1179648K
  class space    used 15432K, committed 16512K, reserved 1048576K
}
Event: 749.593 GC heap after
{Heap after GC invocations=85 (full 0):
 garbage-first heap   total 218112K, used 159178K [0x0000000080000000, 0x0000000100000000)
  region size 1024K, 2 young (2048K), 2 survivors (2048K)
 Metaspace       used 113429K, committed 115520K, reserved 1179648K
  class space    used 15432K, committed 16512K, reserved 1048576K
}
Event: 749.934 GC heap before
{Heap before GC invocations=85 (full 0):
 garbage-first heap   total 218112K, used 170442K [0x0000000080000000, 0x0000000100000000)
  region size 1024K, 5 young (5120K), 2 survivors (2048K)
 Metaspace       used 113690K, committed 115712K, reserved 1179648K
  class space    used 15463K, committed 16512K, reserved 1048576K
}
Event: 749.938 GC heap after
{Heap after GC invocations=86 (full 0):
 garbage-first heap   total 218112K, used 149557K [0x0000000080000000, 0x0000000100000000)
  region size 1024K, 2 young (2048K), 2 survivors (2048K)
 Metaspace       used 113690K, committed 115712K, reserved 1179648K
  class space    used 15463K, committed 16512K, reserved 1048576K
}
Event: 1959.486 GC heap before
{Heap before GC invocations=86 (full 0):
 garbage-first heap   total 218112K, used 195637K [0x0000000080000000, 0x0000000100000000)
  region size 1024K, 38 young (38912K), 2 survivors (2048K)
 Metaspace       used 114700K, committed 116736K, reserved 1179648K
  class space    used 15587K, committed 16640K, reserved 1048576K
}
Event: 1959.492 GC heap after
{Heap after GC invocations=87 (full 0):
 garbage-first heap   total 218112K, used 149421K [0x0000000080000000, 0x0000000100000000)
  region size 1024K, 2 young (2048K), 2 survivors (2048K)
 Metaspace       used 114700K, committed 116736K, reserved 1179648K
  class space    used 15587K, committed 16640K, reserved 1048576K
}
Event: 3158.233 GC heap before
{Heap before GC invocations=87 (full 0):
 garbage-first heap   total 218112K, used 186285K [0x0000000080000000, 0x0000000100000000)
  region size 1024K, 31 young (31744K), 2 survivors (2048K)
 Metaspace       used 114964K, committed 117056K, reserved 1179648K
  class space    used 15630K, committed 16704K, reserved 1048576K
}
Event: 3161.056 GC heap after
{Heap after GC invocations=88 (full 0):
 garbage-first heap   total 218112K, used 159332K [0x0000000080000000, 0x0000000100000000)
  region size 1024K, 3 young (3072K), 3 survivors (3072K)
 Metaspace       used 114964K, committed 117056K, reserved 1179648K
  class space    used 15630K, committed 16704K, reserved 1048576K
}
Event: 3165.602 GC heap before
{Heap before GC invocations=88 (full 0):
 garbage-first heap   total 218112K, used 168548K [0x0000000080000000, 0x0000000100000000)
  region size 1024K, 7 young (7168K), 3 survivors (3072K)
 Metaspace       used 115059K, committed 117120K, reserved 1179648K
  class space    used 15645K, committed 16704K, reserved 1048576K
}
Event: 3165.609 GC heap after
{Heap after GC invocations=89 (full 0):
 garbage-first heap   total 218112K, used 169473K [0x0000000080000000, 0x0000000100000000)
  region size 1024K, 4 young (4096K), 4 survivors (4096K)
 Metaspace       used 115059K, committed 117120K, reserved 1179648K
  class space    used 15645K, committed 16704K, reserved 1048576K
}

